Traceback (most recent call last):
  File "/home/waysingtoncom/supermarket/passenger_wsgi.py", line 14, in <module>
    from adama.wsgi import application
ModuleNotFoundError: No module named 'adama'
Traceback (most recent call last):
  File "/home/waysingtoncom/supermarket/passenger_wsgi.py", line 14, in <module>
    from adama.wsgi import application
ModuleNotFoundError: No module named 'adama'
[UID:2296][556293] Child process with pid: 556306 was killed by signal: 15, core dumped: no
Traceback (most recent call last):
  File "/home/waysingtoncom/supermarket/passenger_wsgi.py", line 14, in <module>
    from adama.wsgi import application
ModuleNotFoundError: No module named 'adama'
Traceback (most recent call last):
  File "/home/waysingtoncom/supermarket/passenger_wsgi.py", line 14, in <module>
    from adama.wsgi import application
ModuleNotFoundError: No module named 'adama'
[UID:2296][559839] Child process with pid: 559855 was killed by signal: 15, core dumped: no
Traceback (most recent call last):
  File "/home/waysingtoncom/supermarket/passenger_wsgi.py", line 14, in <module>
    from myproject.wsgi import application
  File "/home/waysingtoncom/supermarket/myproject/wsgi.py", line 16, in <module>
    application = get_wsgi_application()
                  ^^^^^^^^^^^^^^^^^^^^^^
  File "/home/waysingtoncom/virtualenv/supermarket/3.12/lib/python3.12/site-packages/django/core/wsgi.py", line 13, in get_wsgi_application
    return WSGIHandler()
           ^^^^^^^^^^^^^
  File "/home/waysingtoncom/virtualenv/supermarket/3.12/lib/python3.12/site-packages/django/core/handlers/wsgi.py", line 118, in __init__
    self.load_middleware()
  File "/home/waysingtoncom/virtualenv/supermarket/3.12/lib/python3.12/site-packages/django/core/handlers/base.py", line 41, in load_middleware
    middleware = import_string(middleware_path)
                 ^^^^^^^^^^^^^^^^^^^^^^^^^^^^^^
  File "/home/waysingtoncom/virtualenv/supermarket/3.12/lib/python3.12/site-packages/django/utils/module_loading.py", line 30, in import_string
    return cached_import(module_path, class_name)
           ^^^^^^^^^^^^^^^^^^^^^^^^^^^^^^^^^^^^^^
  File "/home/waysingtoncom/virtualenv/supermarket/3.12/lib/python3.12/site-packages/django/utils/module_loading.py", line 15, in cached_import
    module = import_module(module_path)
             ^^^^^^^^^^^^^^^^^^^^^^^^^^
  File "/opt/alt/python312/lib64/python3.12/importlib/__init__.py", line 90, in import_module
    return _bootstrap._gcd_import(name[level:], package, level)
           ^^^^^^^^^^^^^^^^^^^^^^^^^^^^^^^^^^^^^^^^^^^^^^^^^^^^
ModuleNotFoundError: No module named 'whitenoise'
Traceback (most recent call last):
  File "/home/waysingtoncom/supermarket/passenger_wsgi.py", line 14, in <module>
    from myproject.wsgi import application
  File "/home/waysingtoncom/supermarket/myproject/wsgi.py", line 16, in <module>
    application = get_wsgi_application()
                  ^^^^^^^^^^^^^^^^^^^^^^
  File "/home/waysingtoncom/virtualenv/supermarket/3.12/lib/python3.12/site-packages/django/core/wsgi.py", line 13, in get_wsgi_application
    return WSGIHandler()
           ^^^^^^^^^^^^^
  File "/home/waysingtoncom/virtualenv/supermarket/3.12/lib/python3.12/site-packages/django/core/handlers/wsgi.py", line 118, in __init__
    self.load_middleware()
  File "/home/waysingtoncom/virtualenv/supermarket/3.12/lib/python3.12/site-packages/django/core/handlers/base.py", line 41, in load_middleware
    middleware = import_string(middleware_path)
                 ^^^^^^^^^^^^^^^^^^^^^^^^^^^^^^
  File "/home/waysingtoncom/virtualenv/supermarket/3.12/lib/python3.12/site-packages/django/utils/module_loading.py", line 30, in import_string
    return cached_import(module_path, class_name)
           ^^^^^^^^^^^^^^^^^^^^^^^^^^^^^^^^^^^^^^
  File "/home/waysingtoncom/virtualenv/supermarket/3.12/lib/python3.12/site-packages/django/utils/module_loading.py", line 15, in cached_import
    module = import_module(module_path)
             ^^^^^^^^^^^^^^^^^^^^^^^^^^
  File "/opt/alt/python312/lib64/python3.12/importlib/__init__.py", line 90, in import_module
    return _bootstrap._gcd_import(name[level:], package, level)
           ^^^^^^^^^^^^^^^^^^^^^^^^^^^^^^^^^^^^^^^^^^^^^^^^^^^^
ModuleNotFoundError: No module named 'whitenoise'
[UID:2296][967603] Child process with pid: 967962 was killed by signal: 15, core dumped: no
Traceback (most recent call last):
  File "/home/waysingtoncom/supermarket/passenger_wsgi.py", line 14, in <module>
    from myproject.wsgi import application
  File "/home/waysingtoncom/supermarket/myproject/wsgi.py", line 16, in <module>
    application = get_wsgi_application()
                  ^^^^^^^^^^^^^^^^^^^^^^
  File "/home/waysingtoncom/virtualenv/supermarket/3.12/lib/python3.12/site-packages/django/core/wsgi.py", line 13, in get_wsgi_application
    return WSGIHandler()
           ^^^^^^^^^^^^^
  File "/home/waysingtoncom/virtualenv/supermarket/3.12/lib/python3.12/site-packages/django/core/handlers/wsgi.py", line 118, in __init__
    self.load_middleware()
  File "/home/waysingtoncom/virtualenv/supermarket/3.12/lib/python3.12/site-packages/django/core/handlers/base.py", line 41, in load_middleware
    middleware = import_string(middleware_path)
                 ^^^^^^^^^^^^^^^^^^^^^^^^^^^^^^
  File "/home/waysingtoncom/virtualenv/supermarket/3.12/lib/python3.12/site-packages/django/utils/module_loading.py", line 30, in import_string
    return cached_import(module_path, class_name)
           ^^^^^^^^^^^^^^^^^^^^^^^^^^^^^^^^^^^^^^
  File "/home/waysingtoncom/virtualenv/supermarket/3.12/lib/python3.12/site-packages/django/utils/module_loading.py", line 15, in cached_import
    module = import_module(module_path)
             ^^^^^^^^^^^^^^^^^^^^^^^^^^
  File "/opt/alt/python312/lib64/python3.12/importlib/__init__.py", line 90, in import_module
    return _bootstrap._gcd_import(name[level:], package, level)
           ^^^^^^^^^^^^^^^^^^^^^^^^^^^^^^^^^^^^^^^^^^^^^^^^^^^^
ModuleNotFoundError: No module named 'whitenoise'
[UID:2296][967603] Child process with pid: 967987 was killed by signal: 15, core dumped: no
Traceback (most recent call last):
  File "/home/waysingtoncom/supermarket/passenger_wsgi.py", line 14, in <module>
    from myproject.wsgi import application
  File "/home/waysingtoncom/supermarket/myproject/wsgi.py", line 16, in <module>
    application = get_wsgi_application()
                  ^^^^^^^^^^^^^^^^^^^^^^
  File "/home/waysingtoncom/virtualenv/supermarket/3.12/lib/python3.12/site-packages/django/core/wsgi.py", line 13, in get_wsgi_application
    return WSGIHandler()
           ^^^^^^^^^^^^^
  File "/home/waysingtoncom/virtualenv/supermarket/3.12/lib/python3.12/site-packages/django/core/handlers/wsgi.py", line 118, in __init__
    self.load_middleware()
  File "/home/waysingtoncom/virtualenv/supermarket/3.12/lib/python3.12/site-packages/django/core/handlers/base.py", line 41, in load_middleware
    middleware = import_string(middleware_path)
                 ^^^^^^^^^^^^^^^^^^^^^^^^^^^^^^
  File "/home/waysingtoncom/virtualenv/supermarket/3.12/lib/python3.12/site-packages/django/utils/module_loading.py", line 30, in import_string
    return cached_import(module_path, class_name)
           ^^^^^^^^^^^^^^^^^^^^^^^^^^^^^^^^^^^^^^
  File "/home/waysingtoncom/virtualenv/supermarket/3.12/lib/python3.12/site-packages/django/utils/module_loading.py", line 15, in cached_import
    module = import_module(module_path)
             ^^^^^^^^^^^^^^^^^^^^^^^^^^
  File "/opt/alt/python312/lib64/python3.12/importlib/__init__.py", line 90, in import_module
    return _bootstrap._gcd_import(name[level:], package, level)
           ^^^^^^^^^^^^^^^^^^^^^^^^^^^^^^^^^^^^^^^^^^^^^^^^^^^^
ModuleNotFoundError: No module named 'whitenoise'
Traceback (most recent call last):
  File "/home/waysingtoncom/supermarket/passenger_wsgi.py", line 14, in <module>
    from myproject.wsgi import application
  File "/home/waysingtoncom/supermarket/myproject/wsgi.py", line 16, in <module>
    application = get_wsgi_application()
                  ^^^^^^^^^^^^^^^^^^^^^^
  File "/home/waysingtoncom/virtualenv/supermarket/3.12/lib/python3.12/site-packages/django/core/wsgi.py", line 13, in get_wsgi_application
    return WSGIHandler()
           ^^^^^^^^^^^^^
  File "/home/waysingtoncom/virtualenv/supermarket/3.12/lib/python3.12/site-packages/django/core/handlers/wsgi.py", line 118, in __init__
    self.load_middleware()
  File "/home/waysingtoncom/virtualenv/supermarket/3.12/lib/python3.12/site-packages/django/core/handlers/base.py", line 41, in load_middleware
    middleware = import_string(middleware_path)
                 ^^^^^^^^^^^^^^^^^^^^^^^^^^^^^^
  File "/home/waysingtoncom/virtualenv/supermarket/3.12/lib/python3.12/site-packages/django/utils/module_loading.py", line 30, in import_string
    return cached_import(module_path, class_name)
           ^^^^^^^^^^^^^^^^^^^^^^^^^^^^^^^^^^^^^^
  File "/home/waysingtoncom/virtualenv/supermarket/3.12/lib/python3.12/site-packages/django/utils/module_loading.py", line 15, in cached_import
    module = import_module(module_path)
             ^^^^^^^^^^^^^^^^^^^^^^^^^^
  File "/opt/alt/python312/lib64/python3.12/importlib/__init__.py", line 90, in import_module
    return _bootstrap._gcd_import(name[level:], package, level)
           ^^^^^^^^^^^^^^^^^^^^^^^^^^^^^^^^^^^^^^^^^^^^^^^^^^^^
ModuleNotFoundError: No module named 'whitenoise'
[UID:2296][969324] Child process with pid: 969359 was killed by signal: 15, core dumped: no
Not Found: /favicon.ico
Internal Server Error: /delete_user/6/
Traceback (most recent call last):
  File "/home/waysingtoncom/virtualenv/supermarket/3.12/lib/python3.12/site-packages/django/db/backends/base/base.py", line 303, in _commit
    return self.connection.commit()
           ^^^^^^^^^^^^^^^^^^^^^^^^
sqlite3.IntegrityError: FOREIGN KEY constraint failed

The above exception was the direct cause of the following exception:

Traceback (most recent call last):
  File "/home/waysingtoncom/virtualenv/supermarket/3.12/lib/python3.12/site-packages/django/core/handlers/exception.py", line 55, in inner
    response = get_response(request)
               ^^^^^^^^^^^^^^^^^^^^^
  File "/home/waysingtoncom/virtualenv/supermarket/3.12/lib/python3.12/site-packages/django/core/handlers/base.py", line 198, in _get_response
    response = wrapped_callback(request, *callback_args, **callback_kwargs)
               ^^^^^^^^^^^^^^^^^^^^^^^^^^^^^^^^^^^^^^^^^^^^^^^^^^^^^^^^^^^^
  File "/home/waysingtoncom/virtualenv/supermarket/3.12/lib/python3.12/site-packages/django/contrib/auth/decorators.py", line 59, in _view_wrapper
    return view_func(request, *args, **kwargs)
           ^^^^^^^^^^^^^^^^^^^^^^^^^^^^^^^^^^^
  File "/home/waysingtoncom/virtualenv/supermarket/3.12/lib/python3.12/site-packages/django/contrib/auth/decorators.py", line 59, in _view_wrapper
    return view_func(request, *args, **kwargs)
           ^^^^^^^^^^^^^^^^^^^^^^^^^^^^^^^^^^^
  File "/home/waysingtoncom/supermarket/myapp/views.py", line 677, in delete_user
    user.delete()
  File "/home/waysingtoncom/virtualenv/supermarket/3.12/lib/python3.12/site-packages/django/db/models/base.py", line 1298, in delete
    return collector.delete()
           ^^^^^^^^^^^^^^^^^^
  File "/home/waysingtoncom/virtualenv/supermarket/3.12/lib/python3.12/site-packages/django/db/models/deletion.py", line 458, in delete
    with transaction.atomic(using=self.using, savepoint=False):
         ^^^^^^^^^^^^^^^^^^^^^^^^^^^^^^^^^^^^^^^^^^^^^^^^^^^^^
  File "/home/waysingtoncom/virtualenv/supermarket/3.12/lib/python3.12/site-packages/django/db/transaction.py", line 263, in __exit__
    connection.commit()
  File "/home/waysingtoncom/virtualenv/supermarket/3.12/lib/python3.12/site-packages/django/utils/asyncio.py", line 26, in inner
    return func(*args, **kwargs)
           ^^^^^^^^^^^^^^^^^^^^^
  File "/home/waysingtoncom/virtualenv/supermarket/3.12/lib/python3.12/site-packages/django/db/backends/base/base.py", line 327, in commit
    self._commit()
  File "/home/waysingtoncom/virtualenv/supermarket/3.12/lib/python3.12/site-packages/django/db/backends/base/base.py", line 302, in _commit
    with debug_transaction(self, "COMMIT"), self.wrap_database_errors:
                                            ^^^^^^^^^^^^^^^^^^^^^^^^^
  File "/home/waysingtoncom/virtualenv/supermarket/3.12/lib/python3.12/site-packages/django/db/utils.py", line 94, in __exit__
    raise dj_exc_value.with_traceback(traceback) from exc_value
  File "/home/waysingtoncom/virtualenv/supermarket/3.12/lib/python3.12/site-packages/django/db/backends/base/base.py", line 303, in _commit
    return self.connection.commit()
           ^^^^^^^^^^^^^^^^^^^^^^^^
django.db.utils.IntegrityError: FOREIGN KEY constraint failed
Not Found: /ad
Internal Server Error: /admin/authentication/customuser/6/delete/
Traceback (most recent call last):
  File "/home/waysingtoncom/virtualenv/supermarket/3.12/lib/python3.12/site-packages/django/db/backends/base/base.py", line 303, in _commit
    return self.connection.commit()
           ^^^^^^^^^^^^^^^^^^^^^^^^
sqlite3.IntegrityError: FOREIGN KEY constraint failed

The above exception was the direct cause of the following exception:

Traceback (most recent call last):
  File "/home/waysingtoncom/virtualenv/supermarket/3.12/lib/python3.12/site-packages/django/core/handlers/exception.py", line 55, in inner
    response = get_response(request)
               ^^^^^^^^^^^^^^^^^^^^^
  File "/home/waysingtoncom/virtualenv/supermarket/3.12/lib/python3.12/site-packages/django/core/handlers/base.py", line 198, in _get_response
    response = wrapped_callback(request, *callback_args, **callback_kwargs)
               ^^^^^^^^^^^^^^^^^^^^^^^^^^^^^^^^^^^^^^^^^^^^^^^^^^^^^^^^^^^^
  File "/home/waysingtoncom/virtualenv/supermarket/3.12/lib/python3.12/site-packages/django/contrib/admin/options.py", line 710, in wrapper
    return self.admin_site.admin_view(view)(*args, **kwargs)
           ^^^^^^^^^^^^^^^^^^^^^^^^^^^^^^^^^^^^^^^^^^^^^^^^^
  File "/home/waysingtoncom/virtualenv/supermarket/3.12/lib/python3.12/site-packages/django/utils/decorators.py", line 192, in _view_wrapper
    result = _process_exception(request, e)
             ^^^^^^^^^^^^^^^^^^^^^^^^^^^^^^
  File "/home/waysingtoncom/virtualenv/supermarket/3.12/lib/python3.12/site-packages/django/utils/decorators.py", line 190, in _view_wrapper
    response = view_func(request, *args, **kwargs)
               ^^^^^^^^^^^^^^^^^^^^^^^^^^^^^^^^^^^
  File "/home/waysingtoncom/virtualenv/supermarket/3.12/lib/python3.12/site-packages/django/views/decorators/cache.py", line 80, in _view_wrapper
    response = view_func(request, *args, **kwargs)
               ^^^^^^^^^^^^^^^^^^^^^^^^^^^^^^^^^^^
  File "/home/waysingtoncom/virtualenv/supermarket/3.12/lib/python3.12/site-packages/django/contrib/admin/sites.py", line 247, in inner
    return view(request, *args, **kwargs)
           ^^^^^^^^^^^^^^^^^^^^^^^^^^^^^^
  File "/home/waysingtoncom/virtualenv/supermarket/3.12/lib/python3.12/site-packages/django/utils/decorators.py", line 48, in _wrapper
    return bound_method(*args, **kwargs)
           ^^^^^^^^^^^^^^^^^^^^^^^^^^^^^
  File "/home/waysingtoncom/virtualenv/supermarket/3.12/lib/python3.12/site-packages/django/utils/decorators.py", line 192, in _view_wrapper
    result = _process_exception(request, e)
             ^^^^^^^^^^^^^^^^^^^^^^^^^^^^^^
  File "/home/waysingtoncom/virtualenv/supermarket/3.12/lib/python3.12/site-packages/django/utils/decorators.py", line 190, in _view_wrapper
    response = view_func(request, *args, **kwargs)
               ^^^^^^^^^^^^^^^^^^^^^^^^^^^^^^^^^^^
  File "/home/waysingtoncom/virtualenv/supermarket/3.12/lib/python3.12/site-packages/django/contrib/admin/options.py", line 2164, in delete_view
    with transaction.atomic(using=router.db_for_write(self.model)):
         ^^^^^^^^^^^^^^^^^^^^^^^^^^^^^^^^^^^^^^^^^^^^^^^^^^^^^^^^^
  File "/home/waysingtoncom/virtualenv/supermarket/3.12/lib/python3.12/site-packages/django/db/transaction.py", line 263, in __exit__
    connection.commit()
  File "/home/waysingtoncom/virtualenv/supermarket/3.12/lib/python3.12/site-packages/django/utils/asyncio.py", line 26, in inner
    return func(*args, **kwargs)
           ^^^^^^^^^^^^^^^^^^^^^
  File "/home/waysingtoncom/virtualenv/supermarket/3.12/lib/python3.12/site-packages/django/db/backends/base/base.py", line 327, in commit
    self._commit()
  File "/home/waysingtoncom/virtualenv/supermarket/3.12/lib/python3.12/site-packages/django/db/backends/base/base.py", line 302, in _commit
    with debug_transaction(self, "COMMIT"), self.wrap_database_errors:
                                            ^^^^^^^^^^^^^^^^^^^^^^^^^
  File "/home/waysingtoncom/virtualenv/supermarket/3.12/lib/python3.12/site-packages/django/db/utils.py", line 94, in __exit__
    raise dj_exc_value.with_traceback(traceback) from exc_value
  File "/home/waysingtoncom/virtualenv/supermarket/3.12/lib/python3.12/site-packages/django/db/backends/base/base.py", line 303, in _commit
    return self.connection.commit()
           ^^^^^^^^^^^^^^^^^^^^^^^^
django.db.utils.IntegrityError: FOREIGN KEY constraint failed
Internal Server Error: /delete_user/6/
Traceback (most recent call last):
  File "/home/waysingtoncom/virtualenv/supermarket/3.12/lib/python3.12/site-packages/django/db/backends/base/base.py", line 303, in _commit
    return self.connection.commit()
           ^^^^^^^^^^^^^^^^^^^^^^^^
sqlite3.IntegrityError: FOREIGN KEY constraint failed

The above exception was the direct cause of the following exception:

Traceback (most recent call last):
  File "/home/waysingtoncom/virtualenv/supermarket/3.12/lib/python3.12/site-packages/django/core/handlers/exception.py", line 55, in inner
    response = get_response(request)
               ^^^^^^^^^^^^^^^^^^^^^
  File "/home/waysingtoncom/virtualenv/supermarket/3.12/lib/python3.12/site-packages/django/core/handlers/base.py", line 198, in _get_response
    response = wrapped_callback(request, *callback_args, **callback_kwargs)
               ^^^^^^^^^^^^^^^^^^^^^^^^^^^^^^^^^^^^^^^^^^^^^^^^^^^^^^^^^^^^
  File "/home/waysingtoncom/virtualenv/supermarket/3.12/lib/python3.12/site-packages/django/contrib/auth/decorators.py", line 59, in _view_wrapper
    return view_func(request, *args, **kwargs)
           ^^^^^^^^^^^^^^^^^^^^^^^^^^^^^^^^^^^
  File "/home/waysingtoncom/virtualenv/supermarket/3.12/lib/python3.12/site-packages/django/contrib/auth/decorators.py", line 59, in _view_wrapper
    return view_func(request, *args, **kwargs)
           ^^^^^^^^^^^^^^^^^^^^^^^^^^^^^^^^^^^
  File "/home/waysingtoncom/supermarket/myapp/views.py", line 677, in delete_user
    user.delete()
  File "/home/waysingtoncom/virtualenv/supermarket/3.12/lib/python3.12/site-packages/django/db/models/base.py", line 1298, in delete
    return collector.delete()
           ^^^^^^^^^^^^^^^^^^
  File "/home/waysingtoncom/virtualenv/supermarket/3.12/lib/python3.12/site-packages/django/db/models/deletion.py", line 458, in delete
    with transaction.atomic(using=self.using, savepoint=False):
         ^^^^^^^^^^^^^^^^^^^^^^^^^^^^^^^^^^^^^^^^^^^^^^^^^^^^^
  File "/home/waysingtoncom/virtualenv/supermarket/3.12/lib/python3.12/site-packages/django/db/transaction.py", line 263, in __exit__
    connection.commit()
  File "/home/waysingtoncom/virtualenv/supermarket/3.12/lib/python3.12/site-packages/django/utils/asyncio.py", line 26, in inner
    return func(*args, **kwargs)
           ^^^^^^^^^^^^^^^^^^^^^
  File "/home/waysingtoncom/virtualenv/supermarket/3.12/lib/python3.12/site-packages/django/db/backends/base/base.py", line 327, in commit
    self._commit()
  File "/home/waysingtoncom/virtualenv/supermarket/3.12/lib/python3.12/site-packages/django/db/backends/base/base.py", line 302, in _commit
    with debug_transaction(self, "COMMIT"), self.wrap_database_errors:
                                            ^^^^^^^^^^^^^^^^^^^^^^^^^
  File "/home/waysingtoncom/virtualenv/supermarket/3.12/lib/python3.12/site-packages/django/db/utils.py", line 94, in __exit__
    raise dj_exc_value.with_traceback(traceback) from exc_value
  File "/home/waysingtoncom/virtualenv/supermarket/3.12/lib/python3.12/site-packages/django/db/backends/base/base.py", line 303, in _commit
    return self.connection.commit()
           ^^^^^^^^^^^^^^^^^^^^^^^^
django.db.utils.IntegrityError: FOREIGN KEY constraint failed
Internal Server Error: /delete_user/6/
Traceback (most recent call last):
  File "/home/waysingtoncom/virtualenv/supermarket/3.12/lib/python3.12/site-packages/django/db/backends/base/base.py", line 303, in _commit
    return self.connection.commit()
           ^^^^^^^^^^^^^^^^^^^^^^^^
sqlite3.IntegrityError: FOREIGN KEY constraint failed

The above exception was the direct cause of the following exception:

Traceback (most recent call last):
  File "/home/waysingtoncom/virtualenv/supermarket/3.12/lib/python3.12/site-packages/django/core/handlers/exception.py", line 55, in inner
    response = get_response(request)
               ^^^^^^^^^^^^^^^^^^^^^
  File "/home/waysingtoncom/virtualenv/supermarket/3.12/lib/python3.12/site-packages/django/core/handlers/base.py", line 198, in _get_response
    response = wrapped_callback(request, *callback_args, **callback_kwargs)
               ^^^^^^^^^^^^^^^^^^^^^^^^^^^^^^^^^^^^^^^^^^^^^^^^^^^^^^^^^^^^
  File "/home/waysingtoncom/virtualenv/supermarket/3.12/lib/python3.12/site-packages/django/contrib/auth/decorators.py", line 59, in _view_wrapper
    return view_func(request, *args, **kwargs)
           ^^^^^^^^^^^^^^^^^^^^^^^^^^^^^^^^^^^
  File "/home/waysingtoncom/virtualenv/supermarket/3.12/lib/python3.12/site-packages/django/contrib/auth/decorators.py", line 59, in _view_wrapper
    return view_func(request, *args, **kwargs)
           ^^^^^^^^^^^^^^^^^^^^^^^^^^^^^^^^^^^
  File "/home/waysingtoncom/supermarket/myapp/views.py", line 677, in delete_user
    user.delete()
  File "/home/waysingtoncom/virtualenv/supermarket/3.12/lib/python3.12/site-packages/django/db/models/base.py", line 1298, in delete
    return collector.delete()
           ^^^^^^^^^^^^^^^^^^
  File "/home/waysingtoncom/virtualenv/supermarket/3.12/lib/python3.12/site-packages/django/db/models/deletion.py", line 458, in delete
    with transaction.atomic(using=self.using, savepoint=False):
         ^^^^^^^^^^^^^^^^^^^^^^^^^^^^^^^^^^^^^^^^^^^^^^^^^^^^^
  File "/home/waysingtoncom/virtualenv/supermarket/3.12/lib/python3.12/site-packages/django/db/transaction.py", line 263, in __exit__
    connection.commit()
  File "/home/waysingtoncom/virtualenv/supermarket/3.12/lib/python3.12/site-packages/django/utils/asyncio.py", line 26, in inner
    return func(*args, **kwargs)
           ^^^^^^^^^^^^^^^^^^^^^
  File "/home/waysingtoncom/virtualenv/supermarket/3.12/lib/python3.12/site-packages/django/db/backends/base/base.py", line 327, in commit
    self._commit()
  File "/home/waysingtoncom/virtualenv/supermarket/3.12/lib/python3.12/site-packages/django/db/backends/base/base.py", line 302, in _commit
    with debug_transaction(self, "COMMIT"), self.wrap_database_errors:
                                            ^^^^^^^^^^^^^^^^^^^^^^^^^
  File "/home/waysingtoncom/virtualenv/supermarket/3.12/lib/python3.12/site-packages/django/db/utils.py", line 94, in __exit__
    raise dj_exc_value.with_traceback(traceback) from exc_value
  File "/home/waysingtoncom/virtualenv/supermarket/3.12/lib/python3.12/site-packages/django/db/backends/base/base.py", line 303, in _commit
    return self.connection.commit()
           ^^^^^^^^^^^^^^^^^^^^^^^^
django.db.utils.IntegrityError: FOREIGN KEY constraint failed
Not Found: /favicon.ico
