Traceback (most recent call last):
  File "/home/waysingtoncom/supermarket/passenger_wsgi.py", line 14, in <module>
    from adama.wsgi import application
ModuleNotFoundError: No module named 'adama'
Traceback (most recent call last):
  File "/home/waysingtoncom/supermarket/passenger_wsgi.py", line 14, in <module>
    from adama.wsgi import application
ModuleNotFoundError: No module named 'adama'
[UID:2296][556293] Child process with pid: 556306 was killed by signal: 15, core dumped: no
Traceback (most recent call last):
  File "/home/waysingtoncom/supermarket/passenger_wsgi.py", line 14, in <module>
    from adama.wsgi import application
ModuleNotFoundError: No module named 'adama'
Traceback (most recent call last):
  File "/home/waysingtoncom/supermarket/passenger_wsgi.py", line 14, in <module>
    from adama.wsgi import application
ModuleNotFoundError: No module named 'adama'
[UID:2296][559839] Child process with pid: 559855 was killed by signal: 15, core dumped: no
Traceback (most recent call last):
  File "/home/waysingtoncom/supermarket/passenger_wsgi.py", line 14, in <module>
    from myproject.wsgi import application
  File "/home/waysingtoncom/supermarket/myproject/wsgi.py", line 16, in <module>
    application = get_wsgi_application()
                  ^^^^^^^^^^^^^^^^^^^^^^
  File "/home/waysingtoncom/virtualenv/supermarket/3.12/lib/python3.12/site-packages/django/core/wsgi.py", line 13, in get_wsgi_application
    return WSGIHandler()
           ^^^^^^^^^^^^^
  File "/home/waysingtoncom/virtualenv/supermarket/3.12/lib/python3.12/site-packages/django/core/handlers/wsgi.py", line 118, in __init__
    self.load_middleware()
  File "/home/waysingtoncom/virtualenv/supermarket/3.12/lib/python3.12/site-packages/django/core/handlers/base.py", line 41, in load_middleware
    middleware = import_string(middleware_path)
                 ^^^^^^^^^^^^^^^^^^^^^^^^^^^^^^
  File "/home/waysingtoncom/virtualenv/supermarket/3.12/lib/python3.12/site-packages/django/utils/module_loading.py", line 30, in import_string
    return cached_import(module_path, class_name)
           ^^^^^^^^^^^^^^^^^^^^^^^^^^^^^^^^^^^^^^
  File "/home/waysingtoncom/virtualenv/supermarket/3.12/lib/python3.12/site-packages/django/utils/module_loading.py", line 15, in cached_import
    module = import_module(module_path)
             ^^^^^^^^^^^^^^^^^^^^^^^^^^
  File "/opt/alt/python312/lib64/python3.12/importlib/__init__.py", line 90, in import_module
    return _bootstrap._gcd_import(name[level:], package, level)
           ^^^^^^^^^^^^^^^^^^^^^^^^^^^^^^^^^^^^^^^^^^^^^^^^^^^^
ModuleNotFoundError: No module named 'whitenoise'
Traceback (most recent call last):
  File "/home/waysingtoncom/supermarket/passenger_wsgi.py", line 14, in <module>
    from myproject.wsgi import application
  File "/home/waysingtoncom/supermarket/myproject/wsgi.py", line 16, in <module>
    application = get_wsgi_application()
                  ^^^^^^^^^^^^^^^^^^^^^^
  File "/home/waysingtoncom/virtualenv/supermarket/3.12/lib/python3.12/site-packages/django/core/wsgi.py", line 13, in get_wsgi_application
    return WSGIHandler()
           ^^^^^^^^^^^^^
  File "/home/waysingtoncom/virtualenv/supermarket/3.12/lib/python3.12/site-packages/django/core/handlers/wsgi.py", line 118, in __init__
    self.load_middleware()
  File "/home/waysingtoncom/virtualenv/supermarket/3.12/lib/python3.12/site-packages/django/core/handlers/base.py", line 41, in load_middleware
    middleware = import_string(middleware_path)
                 ^^^^^^^^^^^^^^^^^^^^^^^^^^^^^^
  File "/home/waysingtoncom/virtualenv/supermarket/3.12/lib/python3.12/site-packages/django/utils/module_loading.py", line 30, in import_string
    return cached_import(module_path, class_name)
           ^^^^^^^^^^^^^^^^^^^^^^^^^^^^^^^^^^^^^^
  File "/home/waysingtoncom/virtualenv/supermarket/3.12/lib/python3.12/site-packages/django/utils/module_loading.py", line 15, in cached_import
    module = import_module(module_path)
             ^^^^^^^^^^^^^^^^^^^^^^^^^^
  File "/opt/alt/python312/lib64/python3.12/importlib/__init__.py", line 90, in import_module
    return _bootstrap._gcd_import(name[level:], package, level)
           ^^^^^^^^^^^^^^^^^^^^^^^^^^^^^^^^^^^^^^^^^^^^^^^^^^^^
ModuleNotFoundError: No module named 'whitenoise'
[UID:2296][967603] Child process with pid: 967962 was killed by signal: 15, core dumped: no
Traceback (most recent call last):
  File "/home/waysingtoncom/supermarket/passenger_wsgi.py", line 14, in <module>
    from myproject.wsgi import application
  File "/home/waysingtoncom/supermarket/myproject/wsgi.py", line 16, in <module>
    application = get_wsgi_application()
                  ^^^^^^^^^^^^^^^^^^^^^^
  File "/home/waysingtoncom/virtualenv/supermarket/3.12/lib/python3.12/site-packages/django/core/wsgi.py", line 13, in get_wsgi_application
    return WSGIHandler()
           ^^^^^^^^^^^^^
  File "/home/waysingtoncom/virtualenv/supermarket/3.12/lib/python3.12/site-packages/django/core/handlers/wsgi.py", line 118, in __init__
    self.load_middleware()
  File "/home/waysingtoncom/virtualenv/supermarket/3.12/lib/python3.12/site-packages/django/core/handlers/base.py", line 41, in load_middleware
    middleware = import_string(middleware_path)
                 ^^^^^^^^^^^^^^^^^^^^^^^^^^^^^^
  File "/home/waysingtoncom/virtualenv/supermarket/3.12/lib/python3.12/site-packages/django/utils/module_loading.py", line 30, in import_string
    return cached_import(module_path, class_name)
           ^^^^^^^^^^^^^^^^^^^^^^^^^^^^^^^^^^^^^^
  File "/home/waysingtoncom/virtualenv/supermarket/3.12/lib/python3.12/site-packages/django/utils/module_loading.py", line 15, in cached_import
    module = import_module(module_path)
             ^^^^^^^^^^^^^^^^^^^^^^^^^^
  File "/opt/alt/python312/lib64/python3.12/importlib/__init__.py", line 90, in import_module
    return _bootstrap._gcd_import(name[level:], package, level)
           ^^^^^^^^^^^^^^^^^^^^^^^^^^^^^^^^^^^^^^^^^^^^^^^^^^^^
ModuleNotFoundError: No module named 'whitenoise'
[UID:2296][967603] Child process with pid: 967987 was killed by signal: 15, core dumped: no
Traceback (most recent call last):
  File "/home/waysingtoncom/supermarket/passenger_wsgi.py", line 14, in <module>
    from myproject.wsgi import application
  File "/home/waysingtoncom/supermarket/myproject/wsgi.py", line 16, in <module>
    application = get_wsgi_application()
                  ^^^^^^^^^^^^^^^^^^^^^^
  File "/home/waysingtoncom/virtualenv/supermarket/3.12/lib/python3.12/site-packages/django/core/wsgi.py", line 13, in get_wsgi_application
    return WSGIHandler()
           ^^^^^^^^^^^^^
  File "/home/waysingtoncom/virtualenv/supermarket/3.12/lib/python3.12/site-packages/django/core/handlers/wsgi.py", line 118, in __init__
    self.load_middleware()
  File "/home/waysingtoncom/virtualenv/supermarket/3.12/lib/python3.12/site-packages/django/core/handlers/base.py", line 41, in load_middleware
    middleware = import_string(middleware_path)
                 ^^^^^^^^^^^^^^^^^^^^^^^^^^^^^^
  File "/home/waysingtoncom/virtualenv/supermarket/3.12/lib/python3.12/site-packages/django/utils/module_loading.py", line 30, in import_string
    return cached_import(module_path, class_name)
           ^^^^^^^^^^^^^^^^^^^^^^^^^^^^^^^^^^^^^^
  File "/home/waysingtoncom/virtualenv/supermarket/3.12/lib/python3.12/site-packages/django/utils/module_loading.py", line 15, in cached_import
    module = import_module(module_path)
             ^^^^^^^^^^^^^^^^^^^^^^^^^^
  File "/opt/alt/python312/lib64/python3.12/importlib/__init__.py", line 90, in import_module
    return _bootstrap._gcd_import(name[level:], package, level)
           ^^^^^^^^^^^^^^^^^^^^^^^^^^^^^^^^^^^^^^^^^^^^^^^^^^^^
ModuleNotFoundError: No module named 'whitenoise'
Traceback (most recent call last):
  File "/home/waysingtoncom/supermarket/passenger_wsgi.py", line 14, in <module>
    from myproject.wsgi import application
  File "/home/waysingtoncom/supermarket/myproject/wsgi.py", line 16, in <module>
    application = get_wsgi_application()
                  ^^^^^^^^^^^^^^^^^^^^^^
  File "/home/waysingtoncom/virtualenv/supermarket/3.12/lib/python3.12/site-packages/django/core/wsgi.py", line 13, in get_wsgi_application
    return WSGIHandler()
           ^^^^^^^^^^^^^
  File "/home/waysingtoncom/virtualenv/supermarket/3.12/lib/python3.12/site-packages/django/core/handlers/wsgi.py", line 118, in __init__
    self.load_middleware()
  File "/home/waysingtoncom/virtualenv/supermarket/3.12/lib/python3.12/site-packages/django/core/handlers/base.py", line 41, in load_middleware
    middleware = import_string(middleware_path)
                 ^^^^^^^^^^^^^^^^^^^^^^^^^^^^^^
  File "/home/waysingtoncom/virtualenv/supermarket/3.12/lib/python3.12/site-packages/django/utils/module_loading.py", line 30, in import_string
    return cached_import(module_path, class_name)
           ^^^^^^^^^^^^^^^^^^^^^^^^^^^^^^^^^^^^^^
  File "/home/waysingtoncom/virtualenv/supermarket/3.12/lib/python3.12/site-packages/django/utils/module_loading.py", line 15, in cached_import
    module = import_module(module_path)
             ^^^^^^^^^^^^^^^^^^^^^^^^^^
  File "/opt/alt/python312/lib64/python3.12/importlib/__init__.py", line 90, in import_module
    return _bootstrap._gcd_import(name[level:], package, level)
           ^^^^^^^^^^^^^^^^^^^^^^^^^^^^^^^^^^^^^^^^^^^^^^^^^^^^
ModuleNotFoundError: No module named 'whitenoise'
[UID:2296][969324] Child process with pid: 969359 was killed by signal: 15, core dumped: no
Not Found: /favicon.ico
Internal Server Error: /delete_user/6/
Traceback (most recent call last):
  File "/home/waysingtoncom/virtualenv/supermarket/3.12/lib/python3.12/site-packages/django/db/backends/base/base.py", line 303, in _commit
    return self.connection.commit()
           ^^^^^^^^^^^^^^^^^^^^^^^^
sqlite3.IntegrityError: FOREIGN KEY constraint failed

The above exception was the direct cause of the following exception:

Traceback (most recent call last):
  File "/home/waysingtoncom/virtualenv/supermarket/3.12/lib/python3.12/site-packages/django/core/handlers/exception.py", line 55, in inner
    response = get_response(request)
               ^^^^^^^^^^^^^^^^^^^^^
  File "/home/waysingtoncom/virtualenv/supermarket/3.12/lib/python3.12/site-packages/django/core/handlers/base.py", line 198, in _get_response
    response = wrapped_callback(request, *callback_args, **callback_kwargs)
               ^^^^^^^^^^^^^^^^^^^^^^^^^^^^^^^^^^^^^^^^^^^^^^^^^^^^^^^^^^^^
  File "/home/waysingtoncom/virtualenv/supermarket/3.12/lib/python3.12/site-packages/django/contrib/auth/decorators.py", line 59, in _view_wrapper
    return view_func(request, *args, **kwargs)
           ^^^^^^^^^^^^^^^^^^^^^^^^^^^^^^^^^^^
  File "/home/waysingtoncom/virtualenv/supermarket/3.12/lib/python3.12/site-packages/django/contrib/auth/decorators.py", line 59, in _view_wrapper
    return view_func(request, *args, **kwargs)
           ^^^^^^^^^^^^^^^^^^^^^^^^^^^^^^^^^^^
  File "/home/waysingtoncom/supermarket/myapp/views.py", line 677, in delete_user
    user.delete()
  File "/home/waysingtoncom/virtualenv/supermarket/3.12/lib/python3.12/site-packages/django/db/models/base.py", line 1298, in delete
    return collector.delete()
           ^^^^^^^^^^^^^^^^^^
  File "/home/waysingtoncom/virtualenv/supermarket/3.12/lib/python3.12/site-packages/django/db/models/deletion.py", line 458, in delete
    with transaction.atomic(using=self.using, savepoint=False):
         ^^^^^^^^^^^^^^^^^^^^^^^^^^^^^^^^^^^^^^^^^^^^^^^^^^^^^
  File "/home/waysingtoncom/virtualenv/supermarket/3.12/lib/python3.12/site-packages/django/db/transaction.py", line 263, in __exit__
    connection.commit()
  File "/home/waysingtoncom/virtualenv/supermarket/3.12/lib/python3.12/site-packages/django/utils/asyncio.py", line 26, in inner
    return func(*args, **kwargs)
           ^^^^^^^^^^^^^^^^^^^^^
  File "/home/waysingtoncom/virtualenv/supermarket/3.12/lib/python3.12/site-packages/django/db/backends/base/base.py", line 327, in commit
    self._commit()
  File "/home/waysingtoncom/virtualenv/supermarket/3.12/lib/python3.12/site-packages/django/db/backends/base/base.py", line 302, in _commit
    with debug_transaction(self, "COMMIT"), self.wrap_database_errors:
                                            ^^^^^^^^^^^^^^^^^^^^^^^^^
  File "/home/waysingtoncom/virtualenv/supermarket/3.12/lib/python3.12/site-packages/django/db/utils.py", line 94, in __exit__
    raise dj_exc_value.with_traceback(traceback) from exc_value
  File "/home/waysingtoncom/virtualenv/supermarket/3.12/lib/python3.12/site-packages/django/db/backends/base/base.py", line 303, in _commit
    return self.connection.commit()
           ^^^^^^^^^^^^^^^^^^^^^^^^
django.db.utils.IntegrityError: FOREIGN KEY constraint failed
Not Found: /ad
Internal Server Error: /admin/authentication/customuser/6/delete/
Traceback (most recent call last):
  File "/home/waysingtoncom/virtualenv/supermarket/3.12/lib/python3.12/site-packages/django/db/backends/base/base.py", line 303, in _commit
    return self.connection.commit()
           ^^^^^^^^^^^^^^^^^^^^^^^^
sqlite3.IntegrityError: FOREIGN KEY constraint failed

The above exception was the direct cause of the following exception:

Traceback (most recent call last):
  File "/home/waysingtoncom/virtualenv/supermarket/3.12/lib/python3.12/site-packages/django/core/handlers/exception.py", line 55, in inner
    response = get_response(request)
               ^^^^^^^^^^^^^^^^^^^^^
  File "/home/waysingtoncom/virtualenv/supermarket/3.12/lib/python3.12/site-packages/django/core/handlers/base.py", line 198, in _get_response
    response = wrapped_callback(request, *callback_args, **callback_kwargs)
               ^^^^^^^^^^^^^^^^^^^^^^^^^^^^^^^^^^^^^^^^^^^^^^^^^^^^^^^^^^^^
  File "/home/waysingtoncom/virtualenv/supermarket/3.12/lib/python3.12/site-packages/django/contrib/admin/options.py", line 710, in wrapper
    return self.admin_site.admin_view(view)(*args, **kwargs)
           ^^^^^^^^^^^^^^^^^^^^^^^^^^^^^^^^^^^^^^^^^^^^^^^^^
  File "/home/waysingtoncom/virtualenv/supermarket/3.12/lib/python3.12/site-packages/django/utils/decorators.py", line 192, in _view_wrapper
    result = _process_exception(request, e)
             ^^^^^^^^^^^^^^^^^^^^^^^^^^^^^^
  File "/home/waysingtoncom/virtualenv/supermarket/3.12/lib/python3.12/site-packages/django/utils/decorators.py", line 190, in _view_wrapper
    response = view_func(request, *args, **kwargs)
               ^^^^^^^^^^^^^^^^^^^^^^^^^^^^^^^^^^^
  File "/home/waysingtoncom/virtualenv/supermarket/3.12/lib/python3.12/site-packages/django/views/decorators/cache.py", line 80, in _view_wrapper
    response = view_func(request, *args, **kwargs)
               ^^^^^^^^^^^^^^^^^^^^^^^^^^^^^^^^^^^
  File "/home/waysingtoncom/virtualenv/supermarket/3.12/lib/python3.12/site-packages/django/contrib/admin/sites.py", line 247, in inner
    return view(request, *args, **kwargs)
           ^^^^^^^^^^^^^^^^^^^^^^^^^^^^^^
  File "/home/waysingtoncom/virtualenv/supermarket/3.12/lib/python3.12/site-packages/django/utils/decorators.py", line 48, in _wrapper
    return bound_method(*args, **kwargs)
           ^^^^^^^^^^^^^^^^^^^^^^^^^^^^^
  File "/home/waysingtoncom/virtualenv/supermarket/3.12/lib/python3.12/site-packages/django/utils/decorators.py", line 192, in _view_wrapper
    result = _process_exception(request, e)
             ^^^^^^^^^^^^^^^^^^^^^^^^^^^^^^
  File "/home/waysingtoncom/virtualenv/supermarket/3.12/lib/python3.12/site-packages/django/utils/decorators.py", line 190, in _view_wrapper
    response = view_func(request, *args, **kwargs)
               ^^^^^^^^^^^^^^^^^^^^^^^^^^^^^^^^^^^
  File "/home/waysingtoncom/virtualenv/supermarket/3.12/lib/python3.12/site-packages/django/contrib/admin/options.py", line 2164, in delete_view
    with transaction.atomic(using=router.db_for_write(self.model)):
         ^^^^^^^^^^^^^^^^^^^^^^^^^^^^^^^^^^^^^^^^^^^^^^^^^^^^^^^^^
  File "/home/waysingtoncom/virtualenv/supermarket/3.12/lib/python3.12/site-packages/django/db/transaction.py", line 263, in __exit__
    connection.commit()
  File "/home/waysingtoncom/virtualenv/supermarket/3.12/lib/python3.12/site-packages/django/utils/asyncio.py", line 26, in inner
    return func(*args, **kwargs)
           ^^^^^^^^^^^^^^^^^^^^^
  File "/home/waysingtoncom/virtualenv/supermarket/3.12/lib/python3.12/site-packages/django/db/backends/base/base.py", line 327, in commit
    self._commit()
  File "/home/waysingtoncom/virtualenv/supermarket/3.12/lib/python3.12/site-packages/django/db/backends/base/base.py", line 302, in _commit
    with debug_transaction(self, "COMMIT"), self.wrap_database_errors:
                                            ^^^^^^^^^^^^^^^^^^^^^^^^^
  File "/home/waysingtoncom/virtualenv/supermarket/3.12/lib/python3.12/site-packages/django/db/utils.py", line 94, in __exit__
    raise dj_exc_value.with_traceback(traceback) from exc_value
  File "/home/waysingtoncom/virtualenv/supermarket/3.12/lib/python3.12/site-packages/django/db/backends/base/base.py", line 303, in _commit
    return self.connection.commit()
           ^^^^^^^^^^^^^^^^^^^^^^^^
django.db.utils.IntegrityError: FOREIGN KEY constraint failed
Internal Server Error: /delete_user/6/
Traceback (most recent call last):
  File "/home/waysingtoncom/virtualenv/supermarket/3.12/lib/python3.12/site-packages/django/db/backends/base/base.py", line 303, in _commit
    return self.connection.commit()
           ^^^^^^^^^^^^^^^^^^^^^^^^
sqlite3.IntegrityError: FOREIGN KEY constraint failed

The above exception was the direct cause of the following exception:

Traceback (most recent call last):
  File "/home/waysingtoncom/virtualenv/supermarket/3.12/lib/python3.12/site-packages/django/core/handlers/exception.py", line 55, in inner
    response = get_response(request)
               ^^^^^^^^^^^^^^^^^^^^^
  File "/home/waysingtoncom/virtualenv/supermarket/3.12/lib/python3.12/site-packages/django/core/handlers/base.py", line 198, in _get_response
    response = wrapped_callback(request, *callback_args, **callback_kwargs)
               ^^^^^^^^^^^^^^^^^^^^^^^^^^^^^^^^^^^^^^^^^^^^^^^^^^^^^^^^^^^^
  File "/home/waysingtoncom/virtualenv/supermarket/3.12/lib/python3.12/site-packages/django/contrib/auth/decorators.py", line 59, in _view_wrapper
    return view_func(request, *args, **kwargs)
           ^^^^^^^^^^^^^^^^^^^^^^^^^^^^^^^^^^^
  File "/home/waysingtoncom/virtualenv/supermarket/3.12/lib/python3.12/site-packages/django/contrib/auth/decorators.py", line 59, in _view_wrapper
    return view_func(request, *args, **kwargs)
           ^^^^^^^^^^^^^^^^^^^^^^^^^^^^^^^^^^^
  File "/home/waysingtoncom/supermarket/myapp/views.py", line 677, in delete_user
    user.delete()
  File "/home/waysingtoncom/virtualenv/supermarket/3.12/lib/python3.12/site-packages/django/db/models/base.py", line 1298, in delete
    return collector.delete()
           ^^^^^^^^^^^^^^^^^^
  File "/home/waysingtoncom/virtualenv/supermarket/3.12/lib/python3.12/site-packages/django/db/models/deletion.py", line 458, in delete
    with transaction.atomic(using=self.using, savepoint=False):
         ^^^^^^^^^^^^^^^^^^^^^^^^^^^^^^^^^^^^^^^^^^^^^^^^^^^^^
  File "/home/waysingtoncom/virtualenv/supermarket/3.12/lib/python3.12/site-packages/django/db/transaction.py", line 263, in __exit__
    connection.commit()
  File "/home/waysingtoncom/virtualenv/supermarket/3.12/lib/python3.12/site-packages/django/utils/asyncio.py", line 26, in inner
    return func(*args, **kwargs)
           ^^^^^^^^^^^^^^^^^^^^^
  File "/home/waysingtoncom/virtualenv/supermarket/3.12/lib/python3.12/site-packages/django/db/backends/base/base.py", line 327, in commit
    self._commit()
  File "/home/waysingtoncom/virtualenv/supermarket/3.12/lib/python3.12/site-packages/django/db/backends/base/base.py", line 302, in _commit
    with debug_transaction(self, "COMMIT"), self.wrap_database_errors:
                                            ^^^^^^^^^^^^^^^^^^^^^^^^^
  File "/home/waysingtoncom/virtualenv/supermarket/3.12/lib/python3.12/site-packages/django/db/utils.py", line 94, in __exit__
    raise dj_exc_value.with_traceback(traceback) from exc_value
  File "/home/waysingtoncom/virtualenv/supermarket/3.12/lib/python3.12/site-packages/django/db/backends/base/base.py", line 303, in _commit
    return self.connection.commit()
           ^^^^^^^^^^^^^^^^^^^^^^^^
django.db.utils.IntegrityError: FOREIGN KEY constraint failed
Internal Server Error: /delete_user/6/
Traceback (most recent call last):
  File "/home/waysingtoncom/virtualenv/supermarket/3.12/lib/python3.12/site-packages/django/db/backends/base/base.py", line 303, in _commit
    return self.connection.commit()
           ^^^^^^^^^^^^^^^^^^^^^^^^
sqlite3.IntegrityError: FOREIGN KEY constraint failed

The above exception was the direct cause of the following exception:

Traceback (most recent call last):
  File "/home/waysingtoncom/virtualenv/supermarket/3.12/lib/python3.12/site-packages/django/core/handlers/exception.py", line 55, in inner
    response = get_response(request)
               ^^^^^^^^^^^^^^^^^^^^^
  File "/home/waysingtoncom/virtualenv/supermarket/3.12/lib/python3.12/site-packages/django/core/handlers/base.py", line 198, in _get_response
    response = wrapped_callback(request, *callback_args, **callback_kwargs)
               ^^^^^^^^^^^^^^^^^^^^^^^^^^^^^^^^^^^^^^^^^^^^^^^^^^^^^^^^^^^^
  File "/home/waysingtoncom/virtualenv/supermarket/3.12/lib/python3.12/site-packages/django/contrib/auth/decorators.py", line 59, in _view_wrapper
    return view_func(request, *args, **kwargs)
           ^^^^^^^^^^^^^^^^^^^^^^^^^^^^^^^^^^^
  File "/home/waysingtoncom/virtualenv/supermarket/3.12/lib/python3.12/site-packages/django/contrib/auth/decorators.py", line 59, in _view_wrapper
    return view_func(request, *args, **kwargs)
           ^^^^^^^^^^^^^^^^^^^^^^^^^^^^^^^^^^^
  File "/home/waysingtoncom/supermarket/myapp/views.py", line 677, in delete_user
    user.delete()
  File "/home/waysingtoncom/virtualenv/supermarket/3.12/lib/python3.12/site-packages/django/db/models/base.py", line 1298, in delete
    return collector.delete()
           ^^^^^^^^^^^^^^^^^^
  File "/home/waysingtoncom/virtualenv/supermarket/3.12/lib/python3.12/site-packages/django/db/models/deletion.py", line 458, in delete
    with transaction.atomic(using=self.using, savepoint=False):
         ^^^^^^^^^^^^^^^^^^^^^^^^^^^^^^^^^^^^^^^^^^^^^^^^^^^^^
  File "/home/waysingtoncom/virtualenv/supermarket/3.12/lib/python3.12/site-packages/django/db/transaction.py", line 263, in __exit__
    connection.commit()
  File "/home/waysingtoncom/virtualenv/supermarket/3.12/lib/python3.12/site-packages/django/utils/asyncio.py", line 26, in inner
    return func(*args, **kwargs)
           ^^^^^^^^^^^^^^^^^^^^^
  File "/home/waysingtoncom/virtualenv/supermarket/3.12/lib/python3.12/site-packages/django/db/backends/base/base.py", line 327, in commit
    self._commit()
  File "/home/waysingtoncom/virtualenv/supermarket/3.12/lib/python3.12/site-packages/django/db/backends/base/base.py", line 302, in _commit
    with debug_transaction(self, "COMMIT"), self.wrap_database_errors:
                                            ^^^^^^^^^^^^^^^^^^^^^^^^^
  File "/home/waysingtoncom/virtualenv/supermarket/3.12/lib/python3.12/site-packages/django/db/utils.py", line 94, in __exit__
    raise dj_exc_value.with_traceback(traceback) from exc_value
  File "/home/waysingtoncom/virtualenv/supermarket/3.12/lib/python3.12/site-packages/django/db/backends/base/base.py", line 303, in _commit
    return self.connection.commit()
           ^^^^^^^^^^^^^^^^^^^^^^^^
django.db.utils.IntegrityError: FOREIGN KEY constraint failed
Not Found: /favicon.ico
Traceback (most recent call last):
  File "/home/waysingtoncom/virtualenv/supermarket/3.12/lib/python3.12/site-packages/django/db/backends/mysql/base.py", line 15, in <module>
    import MySQLdb as Database
ModuleNotFoundError: No module named 'MySQLdb'

The above exception was the direct cause of the following exception:

Traceback (most recent call last):
  File "/home/waysingtoncom/supermarket/passenger_wsgi.py", line 14, in <module>
    from myproject.wsgi import application
  File "/home/waysingtoncom/supermarket/myproject/wsgi.py", line 16, in <module>
    application = get_wsgi_application()
                  ^^^^^^^^^^^^^^^^^^^^^^
  File "/home/waysingtoncom/virtualenv/supermarket/3.12/lib/python3.12/site-packages/django/core/wsgi.py", line 12, in get_wsgi_application
    django.setup(set_prefix=False)
  File "/home/waysingtoncom/virtualenv/supermarket/3.12/lib/python3.12/site-packages/django/__init__.py", line 24, in setup
    apps.populate(settings.INSTALLED_APPS)
  File "/home/waysingtoncom/virtualenv/supermarket/3.12/lib/python3.12/site-packages/django/apps/registry.py", line 116, in populate
    app_config.import_models()
  File "/home/waysingtoncom/virtualenv/supermarket/3.12/lib/python3.12/site-packages/django/apps/config.py", line 269, in import_models
    self.models_module = import_module(models_module_name)
                         ^^^^^^^^^^^^^^^^^^^^^^^^^^^^^^^^^
  File "/opt/alt/python312/lib64/python3.12/importlib/__init__.py", line 90, in import_module
    return _bootstrap._gcd_import(name[level:], package, level)
           ^^^^^^^^^^^^^^^^^^^^^^^^^^^^^^^^^^^^^^^^^^^^^^^^^^^^
  File "/home/waysingtoncom/virtualenv/supermarket/3.12/lib/python3.12/site-packages/django/contrib/auth/models.py", line 3, in <module>
    from django.contrib.auth.base_user import AbstractBaseUser, BaseUserManager
  File "/home/waysingtoncom/virtualenv/supermarket/3.12/lib/python3.12/site-packages/django/contrib/auth/base_user.py", line 57, in <module>
    class AbstractBaseUser(models.Model):
  File "/home/waysingtoncom/virtualenv/supermarket/3.12/lib/python3.12/site-packages/django/db/models/base.py", line 143, in __new__
    new_class.add_to_class("_meta", Options(meta, app_label))
  File "/home/waysingtoncom/virtualenv/supermarket/3.12/lib/python3.12/site-packages/django/db/models/base.py", line 371, in add_to_class
    value.contribute_to_class(cls, name)
  File "/home/waysingtoncom/virtualenv/supermarket/3.12/lib/python3.12/site-packages/django/db/models/options.py", line 243, in contribute_to_class
    self.db_table, connection.ops.max_name_length()
                   ^^^^^^^^^^^^^^
  File "/home/waysingtoncom/virtualenv/supermarket/3.12/lib/python3.12/site-packages/django/utils/connection.py", line 15, in __getattr__
    return getattr(self._connections[self._alias], item)
                   ~~~~~~~~~~~~~~~~~^^^^^^^^^^^^^
  File "/home/waysingtoncom/virtualenv/supermarket/3.12/lib/python3.12/site-packages/django/utils/connection.py", line 62, in __getitem__
    conn = self.create_connection(alias)
           ^^^^^^^^^^^^^^^^^^^^^^^^^^^^^
  File "/home/waysingtoncom/virtualenv/supermarket/3.12/lib/python3.12/site-packages/django/db/utils.py", line 193, in create_connection
    backend = load_backend(db["ENGINE"])
              ^^^^^^^^^^^^^^^^^^^^^^^^^^
  File "/home/waysingtoncom/virtualenv/supermarket/3.12/lib/python3.12/site-packages/django/db/utils.py", line 113, in load_backend
    return import_module("%s.base" % backend_name)
           ^^^^^^^^^^^^^^^^^^^^^^^^^^^^^^^^^^^^^^^
  File "/opt/alt/python312/lib64/python3.12/importlib/__init__.py", line 90, in import_module
    return _bootstrap._gcd_import(name[level:], package, level)
           ^^^^^^^^^^^^^^^^^^^^^^^^^^^^^^^^^^^^^^^^^^^^^^^^^^^^
  File "/home/waysingtoncom/virtualenv/supermarket/3.12/lib/python3.12/site-packages/django/db/backends/mysql/base.py", line 17, in <module>
    raise ImproperlyConfigured(
django.core.exceptions.ImproperlyConfigured: Error loading MySQLdb module.
Did you install mysqlclient?
Traceback (most recent call last):
  File "/home/waysingtoncom/supermarket/passenger_wsgi.py", line 14, in <module>
    from myproject.wsgi import application
  File "/home/waysingtoncom/supermarket/myproject/wsgi.py", line 16, in <module>
    application = get_wsgi_application()
                  ^^^^^^^^^^^^^^^^^^^^^^
  File "/home/waysingtoncom/virtualenv/supermarket/3.12/lib/python3.12/site-packages/django/core/wsgi.py", line 12, in get_wsgi_application
    django.setup(set_prefix=False)
  File "/home/waysingtoncom/virtualenv/supermarket/3.12/lib/python3.12/site-packages/django/__init__.py", line 24, in setup
    apps.populate(settings.INSTALLED_APPS)
  File "/home/waysingtoncom/virtualenv/supermarket/3.12/lib/python3.12/site-packages/django/apps/registry.py", line 83, in populate
    raise RuntimeError("populate() isn't reentrant")
RuntimeError: populate() isn't reentrant
[UID:2296][2287480] Child process with pid: 2287519 was killed by signal: 15, core dumped: no
Traceback (most recent call last):
  File "/home/waysingtoncom/supermarket/passenger_wsgi.py", line 14, in <module>
    from myproject.wsgi import application
  File "/home/waysingtoncom/supermarket/myproject/wsgi.py", line 16, in <module>
    application = get_wsgi_application()
                  ^^^^^^^^^^^^^^^^^^^^^^
  File "/home/waysingtoncom/virtualenv/supermarket/3.12/lib/python3.12/site-packages/django/core/wsgi.py", line 12, in get_wsgi_application
    django.setup(set_prefix=False)
  File "/home/waysingtoncom/virtualenv/supermarket/3.12/lib/python3.12/site-packages/django/__init__.py", line 24, in setup
    apps.populate(settings.INSTALLED_APPS)
  File "/home/waysingtoncom/virtualenv/supermarket/3.12/lib/python3.12/site-packages/django/apps/registry.py", line 83, in populate
    raise RuntimeError("populate() isn't reentrant")
RuntimeError: populate() isn't reentrant
[UID:2296][2287480] Child process with pid: 2298186 was killed by signal: 15, core dumped: no
Traceback (most recent call last):
  File "/home/waysingtoncom/supermarket/passenger_wsgi.py", line 14, in <module>
    from myproject.wsgi import application
  File "/home/waysingtoncom/supermarket/myproject/wsgi.py", line 16, in <module>
    application = get_wsgi_application()
                  ^^^^^^^^^^^^^^^^^^^^^^
  File "/home/waysingtoncom/virtualenv/supermarket/3.12/lib/python3.12/site-packages/django/core/wsgi.py", line 12, in get_wsgi_application
    django.setup(set_prefix=False)
  File "/home/waysingtoncom/virtualenv/supermarket/3.12/lib/python3.12/site-packages/django/__init__.py", line 24, in setup
    apps.populate(settings.INSTALLED_APPS)
  File "/home/waysingtoncom/virtualenv/supermarket/3.12/lib/python3.12/site-packages/django/apps/registry.py", line 83, in populate
    raise RuntimeError("populate() isn't reentrant")
RuntimeError: populate() isn't reentrant
[UID:2296][2287480] Child process with pid: 2298330 was killed by signal: 15, core dumped: no
Traceback (most recent call last):
  File "/home/waysingtoncom/supermarket/passenger_wsgi.py", line 14, in <module>
    from myproject.wsgi import application
  File "/home/waysingtoncom/supermarket/myproject/wsgi.py", line 16, in <module>
    application = get_wsgi_application()
                  ^^^^^^^^^^^^^^^^^^^^^^
  File "/home/waysingtoncom/virtualenv/supermarket/3.12/lib/python3.12/site-packages/django/core/wsgi.py", line 12, in get_wsgi_application
    django.setup(set_prefix=False)
  File "/home/waysingtoncom/virtualenv/supermarket/3.12/lib/python3.12/site-packages/django/__init__.py", line 24, in setup
    apps.populate(settings.INSTALLED_APPS)
  File "/home/waysingtoncom/virtualenv/supermarket/3.12/lib/python3.12/site-packages/django/apps/registry.py", line 83, in populate
    raise RuntimeError("populate() isn't reentrant")
RuntimeError: populate() isn't reentrant
[UID:2296][2287480] Child process with pid: 2302554 was killed by signal: 15, core dumped: no
Traceback (most recent call last):
  File "/home/waysingtoncom/supermarket/passenger_wsgi.py", line 14, in <module>
    from myproject.wsgi import application
  File "/home/waysingtoncom/supermarket/myproject/wsgi.py", line 16, in <module>
    application = get_wsgi_application()
                  ^^^^^^^^^^^^^^^^^^^^^^
  File "/home/waysingtoncom/virtualenv/supermarket/3.12/lib/python3.12/site-packages/django/core/wsgi.py", line 12, in get_wsgi_application
    django.setup(set_prefix=False)
  File "/home/waysingtoncom/virtualenv/supermarket/3.12/lib/python3.12/site-packages/django/__init__.py", line 24, in setup
    apps.populate(settings.INSTALLED_APPS)
  File "/home/waysingtoncom/virtualenv/supermarket/3.12/lib/python3.12/site-packages/django/apps/registry.py", line 83, in populate
    raise RuntimeError("populate() isn't reentrant")
RuntimeError: populate() isn't reentrant
[UID:2296][2287480] Child process with pid: 2302603 was killed by signal: 15, core dumped: no
Traceback (most recent call last):
  File "/home/waysingtoncom/supermarket/passenger_wsgi.py", line 14, in <module>
    from myproject.wsgi import application
  File "/home/waysingtoncom/supermarket/myproject/wsgi.py", line 18, in <module>
    application = get_wsgi_application()
                  ^^^^^^^^^^^^^^^^^^^^^^
  File "/home/waysingtoncom/virtualenv/supermarket/3.12/lib/python3.12/site-packages/django/core/wsgi.py", line 12, in get_wsgi_application
    django.setup(set_prefix=False)
  File "/home/waysingtoncom/virtualenv/supermarket/3.12/lib/python3.12/site-packages/django/__init__.py", line 24, in setup
    apps.populate(settings.INSTALLED_APPS)
  File "/home/waysingtoncom/virtualenv/supermarket/3.12/lib/python3.12/site-packages/django/apps/registry.py", line 83, in populate
    raise RuntimeError("populate() isn't reentrant")
RuntimeError: populate() isn't reentrant
[UID:2296][2287480] Child process with pid: 2303489 was killed by signal: 15, core dumped: no
Traceback (most recent call last):
  File "/home/waysingtoncom/supermarket/passenger_wsgi.py", line 14, in <module>
    from myproject.wsgi import application
  File "/home/waysingtoncom/supermarket/myproject/wsgi.py", line 18, in <module>
    application = get_wsgi_application()
                  ^^^^^^^^^^^^^^^^^^^^^^
  File "/home/waysingtoncom/virtualenv/supermarket/3.12/lib/python3.12/site-packages/django/core/wsgi.py", line 12, in get_wsgi_application
    django.setup(set_prefix=False)
  File "/home/waysingtoncom/virtualenv/supermarket/3.12/lib/python3.12/site-packages/django/__init__.py", line 24, in setup
    apps.populate(settings.INSTALLED_APPS)
  File "/home/waysingtoncom/virtualenv/supermarket/3.12/lib/python3.12/site-packages/django/apps/registry.py", line 83, in populate
    raise RuntimeError("populate() isn't reentrant")
RuntimeError: populate() isn't reentrant
[UID:2296][2287480] Child process with pid: 2303535 was killed by signal: 15, core dumped: no
Traceback (most recent call last):
  File "/home/waysingtoncom/supermarket/passenger_wsgi.py", line 14, in <module>
    from myproject.wsgi import application
  File "/home/waysingtoncom/supermarket/myproject/wsgi.py", line 18, in <module>
    application = get_wsgi_application()
                  ^^^^^^^^^^^^^^^^^^^^^^
  File "/home/waysingtoncom/virtualenv/supermarket/3.12/lib/python3.12/site-packages/django/core/wsgi.py", line 12, in get_wsgi_application
    django.setup(set_prefix=False)
  File "/home/waysingtoncom/virtualenv/supermarket/3.12/lib/python3.12/site-packages/django/__init__.py", line 24, in setup
    apps.populate(settings.INSTALLED_APPS)
  File "/home/waysingtoncom/virtualenv/supermarket/3.12/lib/python3.12/site-packages/django/apps/registry.py", line 83, in populate
    raise RuntimeError("populate() isn't reentrant")
RuntimeError: populate() isn't reentrant
[UID:2296][2287480] Child process with pid: 2304881 was killed by signal: 15, core dumped: no
Traceback (most recent call last):
  File "/home/waysingtoncom/supermarket/passenger_wsgi.py", line 14, in <module>
    from myproject.wsgi import application
  File "/home/waysingtoncom/supermarket/myproject/wsgi.py", line 18, in <module>
    application = get_wsgi_application()
                  ^^^^^^^^^^^^^^^^^^^^^^
  File "/home/waysingtoncom/virtualenv/supermarket/3.12/lib/python3.12/site-packages/django/core/wsgi.py", line 12, in get_wsgi_application
    django.setup(set_prefix=False)
  File "/home/waysingtoncom/virtualenv/supermarket/3.12/lib/python3.12/site-packages/django/__init__.py", line 24, in setup
    apps.populate(settings.INSTALLED_APPS)
  File "/home/waysingtoncom/virtualenv/supermarket/3.12/lib/python3.12/site-packages/django/apps/registry.py", line 83, in populate
    raise RuntimeError("populate() isn't reentrant")
RuntimeError: populate() isn't reentrant
[UID:2296][2287480] Child process with pid: 2304904 was killed by signal: 15, core dumped: no
Traceback (most recent call last):
  File "/home/waysingtoncom/supermarket/passenger_wsgi.py", line 14, in <module>
    from myproject.wsgi import application
  File "/home/waysingtoncom/supermarket/myproject/wsgi.py", line 18, in <module>
    application = get_wsgi_application()
                  ^^^^^^^^^^^^^^^^^^^^^^
  File "/home/waysingtoncom/virtualenv/supermarket/3.12/lib/python3.12/site-packages/django/core/wsgi.py", line 12, in get_wsgi_application
    django.setup(set_prefix=False)
  File "/home/waysingtoncom/virtualenv/supermarket/3.12/lib/python3.12/site-packages/django/__init__.py", line 24, in setup
    apps.populate(settings.INSTALLED_APPS)
  File "/home/waysingtoncom/virtualenv/supermarket/3.12/lib/python3.12/site-packages/django/apps/registry.py", line 83, in populate
    raise RuntimeError("populate() isn't reentrant")
RuntimeError: populate() isn't reentrant
[UID:2296][2287480] Child process with pid: 2306605 was killed by signal: 15, core dumped: no
